<?xml version="1.0" encoding="UTF-8"?>
<testsuite xmlns:xsi="http://www.w3.org/2001/XMLSchema-instance" xsi:noNamespaceSchemaLocation="https://maven.apache.org/surefire/maven-surefire-plugin/xsd/surefire-test-report.xsd" version="3.0.2" name="org.apache.commons.dbutils.QueryRunnerTest" time="0.281" tests="57" errors="0" skipped="0" failures="0">
  <properties>
[...]
</properties>
  <testcase name="testNoParamsUpdate" classname="org.apache.commons.dbutils.QueryRunnerTest" time="0.006"/>
  <testcase name="testFillStatementWithBean" classname="org.apache.commons.dbutils.QueryRunnerTest" time="0.006"/>
  <testcase name="testStatementConfiguration" classname="org.apache.commons.dbutils.QueryRunnerTest" time="0.005"/>
  <testcase name="testNullHandlerQuery" classname="org.apache.commons.dbutils.QueryRunnerTest" time="0.004"/>
  <testcase name="testNoParamsExecuteWithResultSet" classname="org.apache.commons.dbutils.QueryRunnerTest" time="0.004"/>
  <testcase name="testGoodExecute" classname="org.apache.commons.dbutils.QueryRunnerTest" time="0.006"/>
  <testcase name="testGoodInsert" classname="org.apache.commons.dbutils.QueryRunnerTest" time="0.004"/>
  <testcase name="testGoodExecuteWithResultSetPmdTrue" classname="org.apache.commons.dbutils.QueryRunnerTest" time="0.005"/>
  <testcase name="testGoodUpdatePmdTrue" classname="org.apache.commons.dbutils.QueryRunnerTest" time="0.004"/>
  <testcase name="testExecuteUpdateException" classname="org.apache.commons.dbutils.QueryRunnerTest" time="0.003"/>
  <testcase name="testNoParamsExecute" classname="org.apache.commons.dbutils.QueryRunnerTest" time="0.006"/>
  <testcase name="testGoodUpdate" classname="org.apache.commons.dbutils.QueryRunnerTest" time="0.004"/>
  <testcase name="testGoodBatchInsert" classname="org.apache.commons.dbutils.QueryRunnerTest" time="0.004"/>
  <testcase name="testBadPrepareConnection" classname="org.apache.commons.dbutils.QueryRunnerTest" time="0.003"/>
  <testcase name="testFillStatementWithBeanNullNames" classname="org.apache.commons.dbutils.QueryRunnerTest" time="0.004"/>
  <testcase name="testGoodQueryPmdTrue" classname="org.apache.commons.dbutils.QueryRunnerTest" time="0.005"/>
  <testcase name="testTooManyParamsExecuteWithResultSet" classname="org.apache.commons.dbutils.QueryRunnerTest" time="0.004"/>
  <testcase name="testAddBatchExceptionOnAdd" classname="org.apache.commons.dbutils.QueryRunnerTest" time="0.004">
    <system-out><![CDATA[[TEST] The following exception is expected:
java.sql.SQLException:  Query: select * from blah where ? = ? Parameters: [[unit, unit], [test, test]]
]]></system-out>
  </testcase>
  <testcase name="testGoodUpdateDefaultConstructor" classname="org.apache.commons.dbutils.QueryRunnerTest" time="0.005"/>
  <testcase name="testNullConnectionBatch" classname="org.apache.commons.dbutils.QueryRunnerTest" time="0.003"/>
  <testcase name="testNullConnectionQuery" classname="org.apache.commons.dbutils.QueryRunnerTest" time="0.003"/>
  <testcase name="testGoodExecutePmdTrue" classname="org.apache.commons.dbutils.QueryRunnerTest" time="0.006"/>
  <testcase name="testNullConnectionExecuteWithResultSet" classname="org.apache.commons.dbutils.QueryRunnerTest" time="0.004"/>
  <testcase name="testTooManyParamsBatch" classname="org.apache.commons.dbutils.QueryRunnerTest" time="0.004">
    <system-out><![CDATA[[TEST] The following exception is expected:
java.sql.SQLException: Wrong number of parameters: expected 2, was given 3 Query: select * from blah where ? = ? Parameters: [[unit, unit, unit], [test, test, test]]
]]></system-out>
  </testcase>
  <testcase name="testNullSqlBatch" classname="org.apache.commons.dbutils.QueryRunnerTest" time="0.004"/>
  <testcase name="testTooManyParamsQuery" classname="org.apache.commons.dbutils.QueryRunnerTest" time="0.004"/>
  <testcase name="testNullSqlQuery" classname="org.apache.commons.dbutils.QueryRunnerTest" time="0.004"/>
  <testcase name="testTooFewParamsBatch" classname="org.apache.commons.dbutils.QueryRunnerTest" time="0.004">
    <system-out><![CDATA[[TEST] The following exception is expected:
java.sql.SQLException: Wrong number of parameters: expected 2, was given 1 Query: select * from blah where ? = ? Parameters: [[unit], [test]]
]]></system-out>
  </testcase>
  <testcase name="testTooFewParamsQuery" classname="org.apache.commons.dbutils.QueryRunnerTest" time="0.004"/>
  <testcase name="testNullSqlExecuteWithResultSet" classname="org.apache.commons.dbutils.QueryRunnerTest" time="0.004"/>
  <testcase name="testNoParamsQuery" classname="org.apache.commons.dbutils.QueryRunnerTest" time="0.006"/>
  <testcase name="testTooManyParamsUpdate" classname="org.apache.commons.dbutils.QueryRunnerTest" time="0.004"/>
  <testcase name="testNullParamsArgBatch" classname="org.apache.commons.dbutils.QueryRunnerTest" time="0.004"/>
  <testcase name="testExecuteBatchExceptionOnExec" classname="org.apache.commons.dbutils.QueryRunnerTest" time="0.005">
    <system-out><![CDATA[[TEST] The following exception is expected:
java.sql.SQLException:  Query: select * from blah where ? = ? Parameters: [[unit, unit], [test, test]]
]]></system-out>
  </testcase>
  <testcase name="testGoodExecuteDefaultConstructor" classname="org.apache.commons.dbutils.QueryRunnerTest" time="0.007"/>
  <testcase name="testGoodBatchDefaultConstructor" classname="org.apache.commons.dbutils.QueryRunnerTest" time="0.003"/>
  <testcase name="testTooFewParamsExecuteWithResultSet" classname="org.apache.commons.dbutils.QueryRunnerTest" time="0.004"/>
  <testcase name="testNullConnectionUpdate" classname="org.apache.commons.dbutils.QueryRunnerTest" time="0.005"/>
  <testcase name="testNullSqlUpdate" classname="org.apache.commons.dbutils.QueryRunnerTest" time="0.004"/>
  <testcase name="testNullHandlerExecuteWithResultSet" classname="org.apache.commons.dbutils.QueryRunnerTest" time="0.004"/>
  <testcase name="testGoodExecuteWithResultSet" classname="org.apache.commons.dbutils.QueryRunnerTest" time="0.007"/>
  <testcase name="testExecuteWithMultipleResultSets" classname="org.apache.commons.dbutils.QueryRunnerTest" time="0.007"/>
  <testcase name="testNullHandlerExecute" classname="org.apache.commons.dbutils.QueryRunnerTest" time="0.006"/>
  <testcase name="testTooManyParamsExecute" classname="org.apache.commons.dbutils.QueryRunnerTest" time="0.004"/>
  <testcase name="testTooFewParamsExecute" classname="org.apache.commons.dbutils.QueryRunnerTest" time="0.005"/>
  <testcase name="testNullConnectionExecute" classname="org.apache.commons.dbutils.QueryRunnerTest" time="0.005"/>
  <testcase name="testExecuteQueryException" classname="org.apache.commons.dbutils.QueryRunnerTest" time="0.004"/>
  <testcase name="testExecuteWithResultSetException" classname="org.apache.commons.dbutils.QueryRunnerTest" time="0.005"/>
  <testcase name="testTooFewParamsUpdate" classname="org.apache.commons.dbutils.QueryRunnerTest" time="0.004"/>
  <testcase name="testNullSqlExecute" classname="org.apache.commons.dbutils.QueryRunnerTest" time="0.002"/>
  <testcase name="testGoodExecuteWithResultSetDefaultConstructor" classname="org.apache.commons.dbutils.QueryRunnerTest" time="0.006"/>
  <testcase name="testExecuteException" classname="org.apache.commons.dbutils.QueryRunnerTest" time="0.002"/>
  <testcase name="testNullParamsBatch" classname="org.apache.commons.dbutils.QueryRunnerTest" time="0.003"/>
  <testcase name="testGoodBatch" classname="org.apache.commons.dbutils.QueryRunnerTest" time="0.002"/>
  <testcase name="testGoodQueryDefaultConstructor" classname="org.apache.commons.dbutils.QueryRunnerTest" time="0.002"/>
  <testcase name="testGoodQuery" classname="org.apache.commons.dbutils.QueryRunnerTest" time="0.003"/>
  <testcase name="testGoodBatchPmdTrue" classname="org.apache.commons.dbutils.QueryRunnerTest" time="0.002"/>
</testsuite>